<?xml version="1.0" encoding="UTF-8"?>
<!-- Generated by org.testng.reporters.JUnitXMLReporter -->
<testsuite ignored="0" hostname="DESKTOP-BHA5M4A" failures="0" tests="8" name="Default test" time="140.92" errors="0" timestamp="2022-05-31T15:46:37 EDT">
  <testcase classname="PracticeAutomation51TestCases.MyAccountLogin8.MyAccountLogin" name="_1validUsernamePassword" time="12.437"/>
  <testcase classname="PracticeAutomation51TestCases.MyAccountLogin8.MyAccountLogin" name="_2incorrectUsernamePassword" time="13.307"/>
  <testcase classname="PracticeAutomation51TestCases.MyAccountLogin8.MyAccountLogin" name="_3correctUsernameEmptyPassword" time="13.59"/>
  <testcase classname="PracticeAutomation51TestCases.MyAccountLogin8.MyAccountLogin" name="_4emptyUsernameValidPassword" time="13.49"/>
  <testcase classname="PracticeAutomation51TestCases.MyAccountLogin8.MyAccountLogin" name="_5emptyUsernameEmptyPassword" time="5.773"/>
  <testcase classname="PracticeAutomation51TestCases.MyAccountLogin8.MyAccountLogin" name="_6passwordShouldBeMasked" time="6.837"/>
  <testcase classname="PracticeAutomation51TestCases.MyAccountLogin8.MyAccountLogin" name="_7caseSensitive" time="9.293"/>
  <testcase classname="PracticeAutomation51TestCases.MyAccountLogin8.MyAccountLogin" name="_8authentication" time="18.19"/>
</testsuite> <!-- Default test -->
